  [4;36;1mSQL (2.0ms)[0m   [0;1m SELECT name
 FROM sqlite_master
 WHERE type = 'table' AND NOT name = 'sqlite_sequence'
[0m
  [4;35;1mSQL (0.0ms)[0m   [0mselect sqlite_version(*)[0m
  [4;36;1mSQL (428.0ms)[0m   [0;1mCREATE TABLE "schema_migrations" ("version" varchar(255) NOT NULL) [0m
  [4;35;1mSQL (0.0ms)[0m   [0mPRAGMA index_list("schema_migrations")[0m
  [4;36;1mSQL (457.0ms)[0m   [0;1mCREATE UNIQUE INDEX "unique_schema_migrations" ON "schema_migrations" ("version")[0m
  [4;35;1mSQL (2.0ms)[0m   [0m SELECT name
 FROM sqlite_master
 WHERE type = 'table' AND NOT name = 'sqlite_sequence'
[0m
  [4;36;1mSQL (1.0ms)[0m   [0;1m SELECT name
 FROM sqlite_master
 WHERE type = 'table' AND NOT name = 'sqlite_sequence'
[0m
  [4;35;1mSQL (1.0ms)[0m   [0mSELECT version FROM schema_migrations[0m
  [4;36;1mSQL (1.0ms)[0m   [0;1m SELECT name
 FROM sqlite_master
 WHERE type = 'table' AND NOT name = 'sqlite_sequence'
[0m
  [4;36;1mSQL (2.0ms)[0m   [0;1m SELECT name
 FROM sqlite_master
 WHERE type = 'table' AND NOT name = 'sqlite_sequence'
[0m
  [4;35;1mSQL (0.0ms)[0m   [0mSELECT version FROM schema_migrations[0m
Migrating to CreateUsers (20100821015523)
  [4;36;1mSQL (0.0ms)[0m   [0;1mselect sqlite_version(*)[0m
  [4;35;1mSQL (4.0ms)[0m   [0mCREATE TABLE "users" ("id" INTEGER PRIMARY KEY AUTOINCREMENT NOT NULL, "name" varchar(255), "email" varchar(255), "created_at" datetime, "updated_at" datetime) [0m
  [4;36;1mSQL (1.0ms)[0m   [0;1mINSERT INTO schema_migrations (version) VALUES ('20100821015523')[0m
  [4;35;1mSQL (1.0ms)[0m   [0m SELECT name
 FROM sqlite_master
 WHERE type = 'table' AND NOT name = 'sqlite_sequence'
[0m
  [4;36;1mSQL (2.0ms)[0m   [0;1mSELECT version FROM schema_migrations[0m
  [4;35;1mSQL (2.0ms)[0m   [0m SELECT name
 FROM sqlite_master
 WHERE type = 'table' AND NOT name = 'sqlite_sequence'
[0m
  [4;36;1mSQL (0.0ms)[0m   [0;1mPRAGMA index_list("users")[0m


Processing UsersController#index (for 127.0.0.1 at 2010-08-20 22:03:22) [GET]
  [4;36;1mUser Load (2.0ms)[0m   [0;1mSELECT * FROM "users" [0m
Rendering template within layouts/users
Rendering users/index
Completed in 1003ms (View: 852, DB: 2) | 200 OK [http://localhost/users]


Processing UsersController#new (for 127.0.0.1 at 2010-08-20 22:04:13) [GET]
Rendering template within layouts/users
Rendering users/new
Completed in 111ms (View: 51, DB: 0) | 200 OK [http://localhost/users/new]


Processing UsersController#create (for 127.0.0.1 at 2010-08-20 22:05:30) [POST]
  Parameters: {"commit"=>"Create", "authenticity_token"=>"+qGUq5LnsOcTxxFu2T/LSCZf2w9aNmdEH5/zk/U/5Ak=", "user"=>{"name"=>"Bob Cavezza", "email"=>"rcavezza@gmail.com"}}
  [4;35;1mUser Create (3.0ms)[0m   [0mINSERT INTO "users" ("name", "created_at", "updated_at", "email") VALUES('Bob Cavezza', '2010-08-21 02:05:30', '2010-08-21 02:05:30', 'rcavezza@gmail.com')[0m
Redirected to http://localhost:3000/users/1
Completed in 246ms (DB: 3) | 302 Found [http://localhost/users]


Processing UsersController#show (for 127.0.0.1 at 2010-08-20 22:05:31) [GET]
  Parameters: {"id"=>"1"}
  [4;36;1mUser Load (1.0ms)[0m   [0;1mSELECT * FROM "users" WHERE ("users"."id" = 1) [0m
Rendering template within layouts/users
Rendering users/show
Completed in 231ms (View: 30, DB: 1) | 200 OK [http://localhost/users/1]


Processing UsersController#edit (for 127.0.0.1 at 2010-08-20 22:06:15) [GET]
  Parameters: {"id"=>"1"}
  [4;35;1mUser Load (1.0ms)[0m   [0mSELECT * FROM "users" WHERE ("users"."id" = 1) [0m
Rendering template within layouts/users
Rendering users/edit
Completed in 163ms (View: 58, DB: 1) | 200 OK [http://localhost/users/1/edit]


Processing UsersController#update (for 127.0.0.1 at 2010-08-20 22:06:46) [PUT]
  Parameters: {"commit"=>"Update", "authenticity_token"=>"+qGUq5LnsOcTxxFu2T/LSCZf2w9aNmdEH5/zk/U/5Ak=", "id"=>"1", "user"=>{"name"=>"Bob", "email"=>"rcavezza@gmail.com"}}
  [4;36;1mUser Load (2.0ms)[0m   [0;1mSELECT * FROM "users" WHERE ("users"."id" = 1) [0m
  [4;35;1mUser Update (9.0ms)[0m   [0mUPDATE "users" SET "updated_at" = '2010-08-21 02:06:46', "name" = 'Bob' WHERE "id" = 1[0m
Redirected to http://localhost:3000/users/1
Completed in 181ms (DB: 11) | 302 Found [http://localhost/users/1]


Processing UsersController#show (for 127.0.0.1 at 2010-08-20 22:06:47) [GET]
  Parameters: {"id"=>"1"}
  [4;36;1mUser Load (1.0ms)[0m   [0;1mSELECT * FROM "users" WHERE ("users"."id" = 1) [0m
Rendering template within layouts/users
Rendering users/show
Completed in 77ms (View: 18, DB: 1) | 200 OK [http://localhost/users/1]


Processing UsersController#index (for 127.0.0.1 at 2010-08-20 22:07:24) [GET]
  [4;35;1mUser Load (2.0ms)[0m   [0mSELECT * FROM "users" [0m
Rendering template within layouts/users
Rendering users/index
Completed in 77ms (View: 16, DB: 2) | 200 OK [http://localhost/users]


Processing ApplicationController#index (for 127.0.0.1 at 2010-08-20 22:07:30) [GET]

ActionController::RoutingError (No route matches "/new" with {:method=>:get}):
  /usr/lib/ruby/1.8/webrick/httpserver.rb:104:in `service'
  /usr/lib/ruby/1.8/webrick/httpserver.rb:65:in `run'
  /usr/lib/ruby/1.8/webrick/server.rb:173:in `start_thread'
  /usr/lib/ruby/1.8/webrick/server.rb:162:in `start'
  /usr/lib/ruby/1.8/webrick/server.rb:162:in `start_thread'
  /usr/lib/ruby/1.8/webrick/server.rb:95:in `start'
  /usr/lib/ruby/1.8/webrick/server.rb:92:in `each'
  /usr/lib/ruby/1.8/webrick/server.rb:92:in `start'
  /usr/lib/ruby/1.8/webrick/server.rb:23:in `start'
  /usr/lib/ruby/1.8/webrick/server.rb:82:in `start'

Rendering rescues/layout (not_found)


Processing ApplicationController#index (for 127.0.0.1 at 2010-08-20 22:07:36) [GET]

ActionController::RoutingError (No route matches "/newuser" with {:method=>:get}):
  /usr/lib/ruby/1.8/webrick/httpserver.rb:104:in `service'
  /usr/lib/ruby/1.8/webrick/httpserver.rb:65:in `run'
  /usr/lib/ruby/1.8/webrick/server.rb:173:in `start_thread'
  /usr/lib/ruby/1.8/webrick/server.rb:162:in `start'
  /usr/lib/ruby/1.8/webrick/server.rb:162:in `start_thread'
  /usr/lib/ruby/1.8/webrick/server.rb:95:in `start'
  /usr/lib/ruby/1.8/webrick/server.rb:92:in `each'
  /usr/lib/ruby/1.8/webrick/server.rb:92:in `start'
  /usr/lib/ruby/1.8/webrick/server.rb:23:in `start'
  /usr/lib/ruby/1.8/webrick/server.rb:82:in `start'

Rendering rescues/layout (not_found)


Processing ApplicationController#index (for 127.0.0.1 at 2010-08-20 22:07:53) [GET]

ActionController::RoutingError (No route matches "/new" with {:method=>:get}):
  /usr/lib/ruby/1.8/webrick/httpserver.rb:104:in `service'
  /usr/lib/ruby/1.8/webrick/httpserver.rb:65:in `run'
  /usr/lib/ruby/1.8/webrick/server.rb:173:in `start_thread'
  /usr/lib/ruby/1.8/webrick/server.rb:162:in `start'
  /usr/lib/ruby/1.8/webrick/server.rb:162:in `start_thread'
  /usr/lib/ruby/1.8/webrick/server.rb:95:in `start'
  /usr/lib/ruby/1.8/webrick/server.rb:92:in `each'
  /usr/lib/ruby/1.8/webrick/server.rb:92:in `start'
  /usr/lib/ruby/1.8/webrick/server.rb:23:in `start'
  /usr/lib/ruby/1.8/webrick/server.rb:82:in `start'

Rendering rescues/layout (not_found)


Processing UsersController#new (for 127.0.0.1 at 2010-08-20 22:08:04) [GET]
Rendering template within layouts/users
Rendering users/new
Completed in 92ms (View: 33, DB: 0) | 200 OK [http://localhost/users/new]


Processing UsersController#create (for 127.0.0.1 at 2010-08-20 22:08:11) [POST]
  Parameters: {"commit"=>"Create", "authenticity_token"=>"+qGUq5LnsOcTxxFu2T/LSCZf2w9aNmdEH5/zk/U/5Ak=", "user"=>{"name"=>"Lara", "email"=>"largreen@gmail.com"}}
  [4;36;1mUser Create (3.0ms)[0m   [0;1mINSERT INTO "users" ("name", "created_at", "updated_at", "email") VALUES('Lara', '2010-08-21 02:08:11', '2010-08-21 02:08:11', 'largreen@gmail.com')[0m
Redirected to http://localhost:3000/users/2
Completed in 194ms (DB: 3) | 302 Found [http://localhost/users]


Processing UsersController#show (for 127.0.0.1 at 2010-08-20 22:08:12) [GET]
  Parameters: {"id"=>"2"}
  [4;35;1mUser Load (1.0ms)[0m   [0mSELECT * FROM "users" WHERE ("users"."id" = 2) [0m
Rendering template within layouts/users
Rendering users/show
Completed in 70ms (View: 11, DB: 1) | 200 OK [http://localhost/users/2]


Processing UsersController#index (for 127.0.0.1 at 2010-08-20 22:08:26) [GET]
  [4;36;1mUser Load (2.0ms)[0m   [0;1mSELECT * FROM "users" [0m
Rendering template within layouts/users
Rendering users/index
Completed in 119ms (View: 30, DB: 2) | 200 OK [http://localhost/users]


Processing UsersController#destroy (for 127.0.0.1 at 2010-08-20 22:09:21) [DELETE]
  Parameters: {"authenticity_token"=>"+qGUq5LnsOcTxxFu2T/LSCZf2w9aNmdEH5/zk/U/5Ak=", "id"=>"2"}
  [4;35;1mUser Load (1.0ms)[0m   [0mSELECT * FROM "users" WHERE ("users"."id" = 2) [0m
  [4;36;1mUser Destroy (4.0ms)[0m   [0;1mDELETE FROM "users" WHERE "id" = 2[0m
Redirected to http://localhost:3000/users
Completed in 202ms (DB: 5) | 302 Found [http://localhost/users/2]


Processing UsersController#index (for 127.0.0.1 at 2010-08-20 22:09:22) [GET]
  [4;35;1mUser Load (3.0ms)[0m   [0mSELECT * FROM "users" [0m
Rendering template within layouts/users
Rendering users/index
Completed in 77ms (View: 20, DB: 3) | 200 OK [http://localhost/users]
  [4;36;1mSQL (1.0ms)[0m   [0;1m SELECT name
 FROM sqlite_master
 WHERE type = 'table' AND NOT name = 'sqlite_sequence'
[0m
  [4;35;1mSQL (0.0ms)[0m   [0mSELECT version FROM schema_migrations[0m
Migrating to CreateUsers (20100821015523)
Migrating to CreateMicroposts (20100821033431)
  [4;36;1mSQL (0.0ms)[0m   [0;1mselect sqlite_version(*)[0m
  [4;35;1mSQL (3.0ms)[0m   [0mCREATE TABLE "microposts" ("id" INTEGER PRIMARY KEY AUTOINCREMENT NOT NULL, "content" varchar(255), "user_id" integer, "created_at" datetime, "updated_at" datetime) [0m
  [4;36;1mSQL (3.0ms)[0m   [0;1mINSERT INTO schema_migrations (version) VALUES ('20100821033431')[0m
  [4;35;1mSQL (1.0ms)[0m   [0m SELECT name
 FROM sqlite_master
 WHERE type = 'table' AND NOT name = 'sqlite_sequence'
[0m
  [4;36;1mSQL (1.0ms)[0m   [0;1mSELECT version FROM schema_migrations[0m
  [4;35;1mSQL (2.0ms)[0m   [0m SELECT name
 FROM sqlite_master
 WHERE type = 'table' AND NOT name = 'sqlite_sequence'
[0m
  [4;36;1mSQL (0.0ms)[0m   [0;1mPRAGMA index_list("microposts")[0m
  [4;35;1mSQL (0.0ms)[0m   [0mPRAGMA index_list("users")[0m


Processing UsersController#index (for 127.0.0.1 at 2010-08-21 00:32:09) [GET]
  [4;36;1mUser Load (11.0ms)[0m   [0;1mSELECT * FROM "users" [0m
Rendering template within layouts/users
Rendering users/index
Completed in 177ms (View: 98, DB: 11) | 200 OK [http://localhost/users]


Processing MicropostsController#new (for 127.0.0.1 at 2010-08-21 00:32:12) [GET]
Rendering template within layouts/microposts
Rendering microposts/new
Completed in 142ms (View: 80, DB: 0) | 200 OK [http://localhost/microposts/new]


Processing MicropostsController#create (for 127.0.0.1 at 2010-08-21 00:32:20) [POST]
  Parameters: {"commit"=>"Create", "micropost"=>{"user_id"=>"1", "content"=>"I can't believe it'snot butter!!"}, "authenticity_token"=>"+qGUq5LnsOcTxxFu2T/LSCZf2w9aNmdEH5/zk/U/5Ak="}
  [4;35;1mMicropost Create (3.0ms)[0m   [0mINSERT INTO "microposts" ("created_at", "updated_at", "user_id", "content") VALUES('2010-08-21 04:32:20', '2010-08-21 04:32:20', 1, 'I can''t believe it''snot butter!!')[0m
Redirected to http://localhost:3000/microposts/1
Completed in 228ms (DB: 3) | 302 Found [http://localhost/microposts]


Processing MicropostsController#show (for 127.0.0.1 at 2010-08-21 00:32:22) [GET]
  Parameters: {"id"=>"1"}
  [4;36;1mMicropost Load (0.0ms)[0m   [0;1mSELECT * FROM "microposts" WHERE ("microposts"."id" = 1) [0m
Rendering template within layouts/microposts
Rendering microposts/show
Completed in 258ms (View: 186, DB: 0) | 200 OK [http://localhost/microposts/1]


Processing MicropostsController#index (for 127.0.0.1 at 2010-08-21 00:32:26) [GET]
  [4;35;1mMicropost Load (1.0ms)[0m   [0mSELECT * FROM "microposts" [0m
Rendering template within layouts/microposts
Rendering microposts/index
Completed in 103ms (View: 40, DB: 1) | 200 OK [http://localhost/microposts]


Processing MicropostsController#new (for 127.0.0.1 at 2010-08-21 00:32:28) [GET]
Rendering template within layouts/microposts
Rendering microposts/new
Completed in 107ms (View: 45, DB: 0) | 200 OK [http://localhost/microposts/new]


Processing MicropostsController#create (for 127.0.0.1 at 2010-08-21 00:32:39) [POST]
  Parameters: {"commit"=>"Create", "micropost"=>{"user_id"=>"1", "content"=>"Yes, it is not butter!! HOORAY!! But still  not healthy!!!"}, "authenticity_token"=>"+qGUq5LnsOcTxxFu2T/LSCZf2w9aNmdEH5/zk/U/5Ak="}
  [4;36;1mMicropost Create (3.0ms)[0m   [0;1mINSERT INTO "microposts" ("created_at", "updated_at", "user_id", "content") VALUES('2010-08-21 04:32:40', '2010-08-21 04:32:40', 1, 'Yes, it is not butter!! HOORAY!! But still not healthy!!!')[0m
Redirected to http://localhost:3000/microposts/2
Completed in 296ms (DB: 3) | 302 Found [http://localhost/microposts]


Processing MicropostsController#show (for 127.0.0.1 at 2010-08-21 00:32:41) [GET]
  Parameters: {"id"=>"2"}
  [4;35;1mMicropost Load (1.0ms)[0m   [0mSELECT * FROM "microposts" WHERE ("microposts"."id" = 2) [0m
Rendering template within layouts/microposts
Rendering microposts/show
Completed in 88ms (View: 18, DB: 1) | 200 OK [http://localhost/microposts/2]


Processing MicropostsController#index (for 127.0.0.1 at 2010-08-21 00:32:53) [GET]
  [4;36;1mMicropost Load (1.0ms)[0m   [0;1mSELECT * FROM "microposts" [0m
Rendering template within layouts/microposts
Rendering microposts/index
Completed in 108ms (View: 44, DB: 1) | 200 OK [http://localhost/microposts]
  [4;36;1mUser Load (1.0ms)[0m   [0;1mSELECT * FROM "users" LIMIT 1[0m
  [4;35;1mSQL (1.0ms)[0m   [0m SELECT name
 FROM sqlite_master
 WHERE type = 'table' AND NOT name = 'sqlite_sequence'
[0m
  [4;36;1mSQL (1.0ms)[0m   [0;1m SELECT name
 FROM sqlite_master
 WHERE type = 'table' AND NOT name = 'sqlite_sequence'
[0m
  [4;35;1mSQL (1.0ms)[0m   [0m SELECT name
 FROM sqlite_master
 WHERE type = 'table' AND NOT name = 'sqlite_sequence'
[0m
  [4;36;1mSQL (0.0ms)[0m   [0;1m SELECT name
 FROM sqlite_master
 WHERE type = 'table' AND NOT name = 'sqlite_sequence'
[0m
  [4;35;1mUser Load (1.0ms)[0m   [0mSELECT * FROM "users" LIMIT 1[0m
  [4;36;1mSQL (1.0ms)[0m   [0;1m SELECT name
 FROM sqlite_master
 WHERE type = 'table' AND NOT name = 'sqlite_sequence'
[0m
  [4;35;1mSQL (1.0ms)[0m   [0m SELECT name
 FROM sqlite_master
 WHERE type = 'table' AND NOT name = 'sqlite_sequence'
[0m
  [4;36;1mSQL (1.0ms)[0m   [0;1m SELECT name
 FROM sqlite_master
 WHERE type = 'table' AND NOT name = 'sqlite_sequence'
[0m
  [4;35;1mSQL (1.0ms)[0m   [0m SELECT name
 FROM sqlite_master
 WHERE type = 'table' AND NOT name = 'sqlite_sequence'
[0m
  [4;36;1mUser Load (1.0ms)[0m   [0;1mSELECT * FROM "users" LIMIT 1[0m
  [4;35;1mUser Load (0.0ms)[0m   [0mSELECT * FROM "users" LIMIT 1[0m
  [4;36;1mSQL (0.0ms)[0m   [0;1m SELECT name
 FROM sqlite_master
 WHERE type = 'table' AND NOT name = 'sqlite_sequence'
[0m
  [4;35;1mSQL (1.0ms)[0m   [0m SELECT name
 FROM sqlite_master
 WHERE type = 'table' AND NOT name = 'sqlite_sequence'
[0m
  [4;36;1mSQL (0.0ms)[0m   [0;1m SELECT name
 FROM sqlite_master
 WHERE type = 'table' AND NOT name = 'sqlite_sequence'
[0m
  [4;35;1mSQL (1.0ms)[0m   [0m SELECT name
 FROM sqlite_master
 WHERE type = 'table' AND NOT name = 'sqlite_sequence'
[0m
  [4;36;1mSQL (1.0ms)[0m   [0;1m SELECT name
 FROM sqlite_master
 WHERE type = 'table' AND NOT name = 'sqlite_sequence'
[0m
  [4;35;1mSQL (1.0ms)[0m   [0m SELECT name
 FROM sqlite_master
 WHERE type = 'table' AND NOT name = 'sqlite_sequence'
[0m
  [4;36;1mSQL (1.0ms)[0m   [0;1m SELECT name
 FROM sqlite_master
 WHERE type = 'table' AND NOT name = 'sqlite_sequence'
[0m
  [4;35;1mSQL (1.0ms)[0m   [0m SELECT name
 FROM sqlite_master
 WHERE type = 'table' AND NOT name = 'sqlite_sequence'
[0m
  [4;36;1mUser Load (2.0ms)[0m   [0;1mSELECT * FROM "users" LIMIT 1[0m
  [4;35;1mSQL (1.0ms)[0m   [0m SELECT name
 FROM sqlite_master
 WHERE type = 'table' AND NOT name = 'sqlite_sequence'
[0m
  [4;36;1mSQL (1.0ms)[0m   [0;1m SELECT name
 FROM sqlite_master
 WHERE type = 'table' AND NOT name = 'sqlite_sequence'
[0m
  [4;35;1mSQL (0.0ms)[0m   [0m SELECT name
 FROM sqlite_master
 WHERE type = 'table' AND NOT name = 'sqlite_sequence'
[0m
  [4;36;1mSQL (1.0ms)[0m   [0;1m SELECT name
 FROM sqlite_master
 WHERE type = 'table' AND NOT name = 'sqlite_sequence'
[0m
